=== Ejecucion Actualizador 25-04-2024 ===
2024-04-25 11:19:12,735 - INFO - Enlace de descarga encontrado: https://download.mozilla.org/?product=thunderbird-115.10.1-SSL&os=win64&lang=es-ES
=== Ejecucion Actualizador 25-04-2024 ===
2024-04-25 11:21:26,369 - INFO - Enlace de descarga encontrado: https://download.mozilla.org/?product=thunderbird-115.10.1-SSL&os=win64&lang=es-ES
=== Ejecucion Actualizador 25-04-2024 ===
2024-04-25 11:26:17,262 - INFO - Enlace de descarga encontrado: https://download.mozilla.org/?product=thunderbird-115.10.1-SSL&os=win64&lang=es-ES
=== Ejecucion Actualizador 25-04-2024 ===
2024-04-25 11:29:14,384 - INFO - Enlace de descarga encontrado: https://download.mozilla.org/?product=thunderbird-115.10.1-SSL&os=win64&lang=es-ES
=== Ejecucion Actualizador 25-04-2024 ===
2024-04-25 11:32:04,365 - INFO - Enlace de descarga encontrado: https://download.mozilla.org/?product=thunderbird-115.10.1-SSL&os=win64&lang=es-ES
=== Ejecucion Actualizador 25-04-2024 ===
2024-04-25 11:32:39,573 - INFO - Enlace de descarga encontrado: https://download.mozilla.org/?product=thunderbird-115.10.1-SSL&os=win64&lang=es-ES
=== Ejecucion Actualizador 25-04-2024 ===
2024-04-25 11:34:30,840 - INFO - Enlace de descarga encontrado: https://download.mozilla.org/?product=thunderbird-115.10.1-SSL&os=win64&lang=es-ES
=== Ejecucion Actualizador 25-04-2024 ===
2024-04-25 11:35:54,073 - INFO - Enlace de descarga encontrado: https://download.mozilla.org/?product=thunderbird-115.10.1-SSL&os=win64&lang=es-ES
=== Ejecucion Actualizador 25-04-2024 ===
2024-04-25 11:40:05,447 - INFO - Enlace de descarga encontrado: https://download.mozilla.org/?product=thunderbird-115.10.1-SSL&os=win64&lang=es-ES
=== Ejecucion Actualizador 25-04-2024 ===
2024-04-25 11:40:48,860 - INFO - Enlace de descarga encontrado: https://download.mozilla.org/?product=thunderbird-115.10.1-SSL&os=win64&lang=es-ES
=== Ejecucion Actualizador 25-04-2024 ===
2024-04-25 11:42:33,247 - INFO - Enlace de descarga encontrado: https://download.mozilla.org/?product=thunderbird-115.10.1-SSL&os=win64&lang=es-ES
=== Ejecucion Actualizador 25-04-2024 ===
2024-04-25 11:43:37,895 - INFO - Enlace de descarga encontrado: https://download.mozilla.org/?product=thunderbird-115.10.1-SSL&os=win64&lang=es-ES
=== Ejecucion Actualizador 25-04-2024 ===
2024-04-25 11:44:50,062 - INFO - Enlace de descarga encontrado: https://download.mozilla.org/?product=thunderbird-115.10.1-SSL&os=win64&lang=es-ES
=== Ejecucion Actualizador 25-04-2024 ===
2024-04-25 11:50:07,198 - INFO - Enlace de descarga encontrado: https://download.mozilla.org/?product=thunderbird-115.10.1-SSL&os=win64&lang=es-ES
=== Ejecucion Actualizador 25-04-2024 ===
2024-04-25 11:50:21,738 - INFO - Enlace de descarga encontrado: https://download.mozilla.org/?product=thunderbird-115.10.1-SSL&os=win64&lang=es-ES
=== Ejecucion Actualizador 25-04-2024 ===
2024-04-25 11:51:26,125 - INFO - Enlace de descarga encontrado: https://download.mozilla.org/?product=thunderbird-115.10.1-SSL&os=win64&lang=es-ES
=== Ejecucion Actualizador 25-04-2024 ===
2024-04-25 11:55:23,781 - INFO - Enlace de descarga encontrado: https://download.mozilla.org/?product=thunderbird-115.10.1-SSL&os=win64&lang=es-ES
=== Ejecucion Actualizador 25-04-2024 ===
2024-04-25 11:58:49,646 - INFO - Enlace de descarga encontrado: https://download.mozilla.org/?product=thunderbird-115.10.1-SSL&os=win64&lang=es-ES
=== Ejecucion Actualizador 25-04-2024 ===
2024-04-25 11:59:02,700 - INFO - Enlace de descarga encontrado: https://download.mozilla.org/?product=thunderbird-115.10.1-SSL&os=win64&lang=es-ES
2024-04-25 11:59:08,964 - ERROR - Error al descargar el archivo: [Errno 2] No such file or directory: 'aplicacion/thunderbird.html, internet.html'
2024-04-25 11:59:08,964 - INFO - Enlace de descarga encontrado: https://sourceforge.net/projects/shotcut/files/latest/download
2024-04-25 11:59:33,206 - ERROR - Error al descargar el archivo: [Errno 2] No such file or directory: 'aplicacion/shotcut.html, multimedia.html'
=== Ejecucion Actualizador 25-04-2024 ===
2024-04-25 12:01:26,629 - INFO - Enlace de descarga encontrado: https://download.mozilla.org/?product=thunderbird-115.10.1-SSL&os=win64&lang=es-ES
2024-04-25 12:01:27,084 - INFO - No se a encontrado una version nueva para descargar de Thunderbird
2024-04-25 12:01:27,084 - INFO - Enlace de descarga encontrado: https://sourceforge.net/projects/shotcut/files/latest/download
2024-04-25 12:01:27,481 - INFO - No se a encontrado una version nueva para descargar de Shotcut
=== Ejecucion Actualizador 25-04-2024 ===
2024-04-25 12:01:51,734 - INFO - Enlace de descarga encontrado: https://download.mozilla.org/?product=thunderbird-115.10.1-SSL&os=win64&lang=es-ES
=== Ejecucion Actualizador 25-04-2024 ===
2024-04-25 12:04:13,152 - INFO - Enlace de descarga encontrado: https://download.mozilla.org/?product=thunderbird-115.10.1-SSL&os=win64&lang=es-ES
=== Ejecucion Actualizador 25-04-2024 ===
2024-04-25 12:05:19,968 - INFO - Enlace de descarga encontrado: https://download.mozilla.org/?product=thunderbird-115.10.1-SSL&os=win64&lang=es-ES
2024-04-25 12:05:20,442 - INFO - No se a encontrado una version nueva para descargar de Thunderbird
2024-04-25 12:05:20,443 - INFO - Enlace de descarga encontrado: https://sourceforge.net/projects/shotcut/files/latest/download
=== Ejecucion Actualizador 25-04-2024 ===
2024-04-25 12:05:43,226 - INFO - Enlace de descarga encontrado: https://download.mozilla.org/?product=thunderbird-115.10.1-SSL&os=win64&lang=es-ES
2024-04-25 12:06:13,748 - ERROR - Error al descargar el archivo: can only concatenate str (not "set") to str
2024-04-25 12:06:13,749 - INFO - Enlace de descarga encontrado: https://sourceforge.net/projects/shotcut/files/latest/download
=== Ejecucion Actualizador 25-04-2024 ===
2024-04-25 12:10:02,162 - INFO - Enlace de descarga encontrado: https://download.mozilla.org/?product=thunderbird-115.10.1-SSL&os=win64&lang=es-ES
2024-04-25 12:10:02,569 - INFO - No se a encontrado una version nueva para descargar de Thunderbird
2024-04-25 12:10:02,569 - INFO - Enlace de descarga encontrado: https://sourceforge.net/projects/shotcut/files/latest/download
2024-04-25 12:10:03,291 - INFO - No se a encontrado una version nueva para descargar de Shotcut
=== Ejecucion Actualizador 25-04-2024 ===
2024-04-25 12:10:16,982 - INFO - Enlace de descarga encontrado: https://download.mozilla.org/?product=thunderbird-115.10.1-SSL&os=win64&lang=es-ES
2024-04-25 12:10:40,766 - INFO - Descarga completada
2024-04-25 12:10:40,766 - INFO - primera descarga Thunderbird115.10.1
2024-04-25 12:10:40,767 - INFO - Enlace de descarga encontrado: https://sourceforge.net/projects/shotcut/files/latest/download
2024-04-25 12:11:07,406 - ERROR - Error al descargar el archivo: [Errno 2] No such file or directory: 'aplicacion/shotcut.html, multimedia.html'
=== Ejecucion Actualizador 25-04-2024 ===
2024-04-25 12:15:24,828 - INFO - Enlace de descarga encontrado: https://download.mozilla.org/?product=thunderbird-115.10.1-SSL&os=win64&lang=es-ES
=== Ejecucion Actualizador 25-04-2024 ===
2024-04-25 12:26:08,799 - INFO - Enlace de descarga encontrado: https://download.mozilla.org/?product=thunderbird-115.10.1-SSL&os=win64&lang=es-ES
2024-04-25 12:26:09,269 - INFO - No se a encontrado una version nueva para descargar de Thunderbird
2024-04-25 12:26:09,270 - INFO - Enlace de descarga encontrado: https://sourceforge.net/projects/shotcut/files/latest/download
=== Ejecucion Actualizador 25-04-2024 ===
2024-04-25 12:27:03,711 - INFO - Enlace de descarga encontrado: https://download.mozilla.org/?product=thunderbird-115.10.1-SSL&os=win64&lang=es-ES
2024-04-25 12:27:48,377 - INFO - Descarga completada
2024-04-25 12:27:48,377 - INFO - primera descarga Thunderbird115.10.1
2024-04-25 12:27:48,378 - INFO - Enlace de descarga encontrado: https://sourceforge.net/projects/shotcut/files/latest/download
